<?xml version="1.0" encoding="UTF-8"?>
<testsuites>
  <testsuite name="/home/pablo/GitHub/json-object-schema/php/phpunit.xml" tests="76" assertions="102" errors="0" failures="0" skipped="0" time="0.044530">
    <testsuite name="OOJS" tests="76" assertions="102" errors="0" failures="0" skipped="0" time="0.044530">
      <testsuite name="Oojs\Tests\AdditionalPropertiesTest" file="/home/pablo/GitHub/json-object-schema/php/tests/AdditionalPropertiesTest.php" tests="2" assertions="2" errors="0" failures="0" skipped="0" time="0.006203">
        <testcase name="test_additional_property_rejected" file="/home/pablo/GitHub/json-object-schema/php/tests/AdditionalPropertiesTest.php" line="28" class="Oojs\Tests\AdditionalPropertiesTest" classname="Oojs.Tests.AdditionalPropertiesTest" assertions="1" time="0.005333"/>
        <testcase name="test_open_world_allows_extra" file="/home/pablo/GitHub/json-object-schema/php/tests/AdditionalPropertiesTest.php" line="39" class="Oojs\Tests\AdditionalPropertiesTest" classname="Oojs.Tests.AdditionalPropertiesTest" assertions="1" time="0.000870"/>
      </testsuite>
      <testsuite name="Oojs\Tests\ArrayConstraintsTest" file="/home/pablo/GitHub/json-object-schema/php/tests/ArrayConstraintsTest.php" tests="8" assertions="8" errors="0" failures="0" skipped="0" time="0.003513">
        <testcase name="test_not_array" file="/home/pablo/GitHub/json-object-schema/php/tests/ArrayConstraintsTest.php" line="41" class="Oojs\Tests\ArrayConstraintsTest" classname="Oojs.Tests.ArrayConstraintsTest" assertions="1" time="0.000560"/>
        <testcase name="test_min_items_ok" file="/home/pablo/GitHub/json-object-schema/php/tests/ArrayConstraintsTest.php" line="46" class="Oojs\Tests\ArrayConstraintsTest" classname="Oojs.Tests.ArrayConstraintsTest" assertions="1" time="0.000390"/>
        <testcase name="test_min_items_fail" file="/home/pablo/GitHub/json-object-schema/php/tests/ArrayConstraintsTest.php" line="51" class="Oojs\Tests\ArrayConstraintsTest" classname="Oojs.Tests.ArrayConstraintsTest" assertions="1" time="0.000403"/>
        <testcase name="test_max_items_ok" file="/home/pablo/GitHub/json-object-schema/php/tests/ArrayConstraintsTest.php" line="56" class="Oojs\Tests\ArrayConstraintsTest" classname="Oojs.Tests.ArrayConstraintsTest" assertions="1" time="0.000411"/>
        <testcase name="test_max_items_fail" file="/home/pablo/GitHub/json-object-schema/php/tests/ArrayConstraintsTest.php" line="61" class="Oojs\Tests\ArrayConstraintsTest" classname="Oojs.Tests.ArrayConstraintsTest" assertions="1" time="0.000410"/>
        <testcase name="test_unique_items_ok" file="/home/pablo/GitHub/json-object-schema/php/tests/ArrayConstraintsTest.php" line="66" class="Oojs\Tests\ArrayConstraintsTest" classname="Oojs.Tests.ArrayConstraintsTest" assertions="1" time="0.000407"/>
        <testcase name="test_unique_items_fail" file="/home/pablo/GitHub/json-object-schema/php/tests/ArrayConstraintsTest.php" line="71" class="Oojs\Tests\ArrayConstraintsTest" classname="Oojs.Tests.ArrayConstraintsTest" assertions="1" time="0.000420"/>
        <testcase name="test_item_constraint_propagated" file="/home/pablo/GitHub/json-object-schema/php/tests/ArrayConstraintsTest.php" line="76" class="Oojs\Tests\ArrayConstraintsTest" classname="Oojs.Tests.ArrayConstraintsTest" assertions="1" time="0.000513"/>
      </testsuite>
      <testsuite name="Oojs\Tests\ClinicalExampleTest" file="/home/pablo/GitHub/json-object-schema/php/tests/ClinicalExampleTest.php" tests="2" assertions="7" errors="0" failures="0" skipped="0" time="0.002924">
        <testcase name="test_valid_instances_pass" file="/home/pablo/GitHub/json-object-schema/php/tests/ClinicalExampleTest.php" line="40" class="Oojs\Tests\ClinicalExampleTest" classname="Oojs.Tests.ClinicalExampleTest" assertions="3" time="0.001397"/>
        <testcase name="test_invalid_instances_fail" file="/home/pablo/GitHub/json-object-schema/php/tests/ClinicalExampleTest.php" line="58" class="Oojs\Tests\ClinicalExampleTest" classname="Oojs.Tests.ClinicalExampleTest" assertions="4" time="0.001527"/>
      </testsuite>
      <testsuite name="Oojs\Tests\DiscriminatorTest" file="/home/pablo/GitHub/json-object-schema/php/tests/DiscriminatorTest.php" tests="7" assertions="7" errors="0" failures="0" skipped="0" time="0.003501">
        <testcase name="test_missing_discriminator" file="/home/pablo/GitHub/json-object-schema/php/tests/DiscriminatorTest.php" line="33" class="Oojs\Tests\DiscriminatorTest" classname="Oojs.Tests.DiscriminatorTest" assertions="1" time="0.000525"/>
        <testcase name="test_invalid_discriminator_type" file="/home/pablo/GitHub/json-object-schema/php/tests/DiscriminatorTest.php" line="39" class="Oojs\Tests\DiscriminatorTest" classname="Oojs.Tests.DiscriminatorTest" assertions="1" time="0.000480"/>
        <testcase name="test_unknown_type" file="/home/pablo/GitHub/json-object-schema/php/tests/DiscriminatorTest.php" line="45" class="Oojs\Tests\DiscriminatorTest" classname="Oojs.Tests.DiscriminatorTest" assertions="1" time="0.000493"/>
        <testcase name="test_abstract_type" file="/home/pablo/GitHub/json-object-schema/php/tests/DiscriminatorTest.php" line="51" class="Oojs\Tests\DiscriminatorTest" classname="Oojs.Tests.DiscriminatorTest" assertions="1" time="0.000477"/>
        <testcase name="test_type_not_subtype_of_target" file="/home/pablo/GitHub/json-object-schema/php/tests/DiscriminatorTest.php" line="57" class="Oojs\Tests\DiscriminatorTest" classname="Oojs.Tests.DiscriminatorTest" assertions="1" time="0.000485"/>
        <testcase name="test_valid_concrete_subtype" file="/home/pablo/GitHub/json-object-schema/php/tests/DiscriminatorTest.php" line="66" class="Oojs\Tests\DiscriminatorTest" classname="Oojs.Tests.DiscriminatorTest" assertions="1" time="0.000509"/>
        <testcase name="test_custom_discriminator_value" file="/home/pablo/GitHub/json-object-schema/php/tests/DiscriminatorTest.php" line="72" class="Oojs\Tests\DiscriminatorTest" classname="Oojs.Tests.DiscriminatorTest" assertions="1" time="0.000532"/>
      </testsuite>
      <testsuite name="Oojs\Tests\EffectivePropertySetTest" file="/home/pablo/GitHub/json-object-schema/php/tests/EffectivePropertySetTest.php" tests="2" assertions="5" errors="0" failures="0" skipped="0" time="0.001720">
        <testcase name="test_inherits_parent_properties" file="/home/pablo/GitHub/json-object-schema/php/tests/EffectivePropertySetTest.php" line="16" class="Oojs\Tests\EffectivePropertySetTest" classname="Oojs.Tests.EffectivePropertySetTest" assertions="3" time="0.000718"/>
        <testcase name="test_effective_required_union" file="/home/pablo/GitHub/json-object-schema/php/tests/EffectivePropertySetTest.php" line="25" class="Oojs\Tests\EffectivePropertySetTest" classname="Oojs.Tests.EffectivePropertySetTest" assertions="2" time="0.001002"/>
      </testsuite>
      <testsuite name="Oojs\Tests\FailFastTest" file="/home/pablo/GitHub/json-object-schema/php/tests/FailFastTest.php" tests="2" assertions="3" errors="0" failures="0" skipped="0" time="0.001958">
        <testcase name="test_fail_fast_returns_single_error" file="/home/pablo/GitHub/json-object-schema/php/tests/FailFastTest.php" line="18" class="Oojs\Tests\FailFastTest" classname="Oojs.Tests.FailFastTest" assertions="1" time="0.000872"/>
        <testcase name="test_full_mode_returns_all_errors" file="/home/pablo/GitHub/json-object-schema/php/tests/FailFastTest.php" line="26" class="Oojs\Tests\FailFastTest" classname="Oojs.Tests.FailFastTest" assertions="2" time="0.001086"/>
      </testsuite>
      <testsuite name="Oojs\Tests\NumericConstraintsTest" file="/home/pablo/GitHub/json-object-schema/php/tests/NumericConstraintsTest.php" tests="15" assertions="15" errors="0" failures="0" skipped="0" time="0.006077">
        <testcase name="test_minimum_ok" file="/home/pablo/GitHub/json-object-schema/php/tests/NumericConstraintsTest.php" line="34" class="Oojs\Tests\NumericConstraintsTest" classname="Oojs.Tests.NumericConstraintsTest" assertions="1" time="0.000687"/>
        <testcase name="test_minimum_fail" file="/home/pablo/GitHub/json-object-schema/php/tests/NumericConstraintsTest.php" line="39" class="Oojs\Tests\NumericConstraintsTest" classname="Oojs.Tests.NumericConstraintsTest" assertions="1" time="0.000684"/>
        <testcase name="test_maximum_ok" file="/home/pablo/GitHub/json-object-schema/php/tests/NumericConstraintsTest.php" line="44" class="Oojs\Tests\NumericConstraintsTest" classname="Oojs.Tests.NumericConstraintsTest" assertions="1" time="0.000399"/>
        <testcase name="test_maximum_fail" file="/home/pablo/GitHub/json-object-schema/php/tests/NumericConstraintsTest.php" line="49" class="Oojs\Tests\NumericConstraintsTest" classname="Oojs.Tests.NumericConstraintsTest" assertions="1" time="0.000376"/>
        <testcase name="test_exclusive_minimum_ok" file="/home/pablo/GitHub/json-object-schema/php/tests/NumericConstraintsTest.php" line="54" class="Oojs\Tests\NumericConstraintsTest" classname="Oojs.Tests.NumericConstraintsTest" assertions="1" time="0.000359"/>
        <testcase name="test_exclusive_minimum_fail" file="/home/pablo/GitHub/json-object-schema/php/tests/NumericConstraintsTest.php" line="59" class="Oojs\Tests\NumericConstraintsTest" classname="Oojs.Tests.NumericConstraintsTest" assertions="1" time="0.000352"/>
        <testcase name="test_exclusive_maximum_ok" file="/home/pablo/GitHub/json-object-schema/php/tests/NumericConstraintsTest.php" line="64" class="Oojs\Tests\NumericConstraintsTest" classname="Oojs.Tests.NumericConstraintsTest" assertions="1" time="0.000383"/>
        <testcase name="test_exclusive_maximum_fail" file="/home/pablo/GitHub/json-object-schema/php/tests/NumericConstraintsTest.php" line="69" class="Oojs\Tests\NumericConstraintsTest" classname="Oojs.Tests.NumericConstraintsTest" assertions="1" time="0.000356"/>
        <testcase name="test_multiple_of_ok" file="/home/pablo/GitHub/json-object-schema/php/tests/NumericConstraintsTest.php" line="74" class="Oojs\Tests\NumericConstraintsTest" classname="Oojs.Tests.NumericConstraintsTest" assertions="1" time="0.000359"/>
        <testcase name="test_multiple_of_fail" file="/home/pablo/GitHub/json-object-schema/php/tests/NumericConstraintsTest.php" line="79" class="Oojs\Tests\NumericConstraintsTest" classname="Oojs.Tests.NumericConstraintsTest" assertions="1" time="0.000353"/>
        <testcase name="test_integer_ok" file="/home/pablo/GitHub/json-object-schema/php/tests/NumericConstraintsTest.php" line="84" class="Oojs\Tests\NumericConstraintsTest" classname="Oojs.Tests.NumericConstraintsTest" assertions="1" time="0.000352"/>
        <testcase name="test_integer_float_with_fraction" file="/home/pablo/GitHub/json-object-schema/php/tests/NumericConstraintsTest.php" line="89" class="Oojs\Tests\NumericConstraintsTest" classname="Oojs.Tests.NumericConstraintsTest" assertions="1" time="0.000353"/>
        <testcase name="test_integer_float_no_fraction" file="/home/pablo/GitHub/json-object-schema/php/tests/NumericConstraintsTest.php" line="94" class="Oojs\Tests\NumericConstraintsTest" classname="Oojs.Tests.NumericConstraintsTest" assertions="1" time="0.000342"/>
        <testcase name="test_enum_number_ok" file="/home/pablo/GitHub/json-object-schema/php/tests/NumericConstraintsTest.php" line="100" class="Oojs\Tests\NumericConstraintsTest" classname="Oojs.Tests.NumericConstraintsTest" assertions="1" time="0.000353"/>
        <testcase name="test_enum_number_fail" file="/home/pablo/GitHub/json-object-schema/php/tests/NumericConstraintsTest.php" line="105" class="Oojs\Tests\NumericConstraintsTest" classname="Oojs.Tests.NumericConstraintsTest" assertions="1" time="0.000368"/>
      </testsuite>
      <testsuite name="Oojs\Tests\PolymorphicArrayTest" file="/home/pablo/GitHub/json-object-schema/php/tests/PolymorphicArrayTest.php" tests="3" assertions="3" errors="0" failures="0" skipped="0" time="0.001652">
        <testcase name="test_polymorphic_array_valid" file="/home/pablo/GitHub/json-object-schema/php/tests/PolymorphicArrayTest.php" line="52" class="Oojs\Tests\PolymorphicArrayTest" classname="Oojs.Tests.PolymorphicArrayTest" assertions="1" time="0.000598"/>
        <testcase name="test_polymorphic_array_abstract_item" file="/home/pablo/GitHub/json-object-schema/php/tests/PolymorphicArrayTest.php" line="65" class="Oojs\Tests\PolymorphicArrayTest" classname="Oojs.Tests.PolymorphicArrayTest" assertions="1" time="0.000527"/>
        <testcase name="test_polymorphic_array_missing_required" file="/home/pablo/GitHub/json-object-schema/php/tests/PolymorphicArrayTest.php" line="75" class="Oojs\Tests\PolymorphicArrayTest" classname="Oojs.Tests.PolymorphicArrayTest" assertions="1" time="0.000527"/>
      </testsuite>
      <testsuite name="Oojs\Tests\RequiredTest" file="/home/pablo/GitHub/json-object-schema/php/tests/RequiredTest.php" tests="4" assertions="4" errors="0" failures="0" skipped="0" time="0.002201">
        <testcase name="test_missing_own_required" file="/home/pablo/GitHub/json-object-schema/php/tests/RequiredTest.php" line="33" class="Oojs\Tests\RequiredTest" classname="Oojs.Tests.RequiredTest" assertions="1" time="0.000523"/>
        <testcase name="test_missing_inherited_required" file="/home/pablo/GitHub/json-object-schema/php/tests/RequiredTest.php" line="39" class="Oojs\Tests\RequiredTest" classname="Oojs.Tests.RequiredTest" assertions="1" time="0.000501"/>
        <testcase name="test_all_required_present" file="/home/pablo/GitHub/json-object-schema/php/tests/RequiredTest.php" line="45" class="Oojs\Tests\RequiredTest" classname="Oojs.Tests.RequiredTest" assertions="1" time="0.000675"/>
        <testcase name="test_optional_property_absent_is_ok" file="/home/pablo/GitHub/json-object-schema/php/tests/RequiredTest.php" line="51" class="Oojs\Tests\RequiredTest" classname="Oojs.Tests.RequiredTest" assertions="1" time="0.000502"/>
      </testsuite>
      <testsuite name="Oojs\Tests\SchemaLoadingTest" file="/home/pablo/GitHub/json-object-schema/php/tests/SchemaLoadingTest.php" tests="18" assertions="35" errors="0" failures="0" skipped="0" time="0.009290">
        <testcase name="test_minimal_valid_schema" file="/home/pablo/GitHub/json-object-schema/php/tests/SchemaLoadingTest.php" line="18" class="Oojs\Tests\SchemaLoadingTest" classname="Oojs.Tests.SchemaLoadingTest" assertions="3" time="0.000791"/>
        <testcase name="test_missing_oojs" file="/home/pablo/GitHub/json-object-schema/php/tests/SchemaLoadingTest.php" line="26" class="Oojs\Tests\SchemaLoadingTest" classname="Oojs.Tests.SchemaLoadingTest" assertions="2" time="0.002058"/>
        <testcase name="test_wrong_version" file="/home/pablo/GitHub/json-object-schema/php/tests/SchemaLoadingTest.php" line="33" class="Oojs\Tests\SchemaLoadingTest" classname="Oojs.Tests.SchemaLoadingTest" assertions="2" time="0.000420"/>
        <testcase name="test_missing_id" file="/home/pablo/GitHub/json-object-schema/php/tests/SchemaLoadingTest.php" line="40" class="Oojs\Tests\SchemaLoadingTest" classname="Oojs.Tests.SchemaLoadingTest" assertions="2" time="0.000386"/>
        <testcase name="test_missing_types" file="/home/pablo/GitHub/json-object-schema/php/tests/SchemaLoadingTest.php" line="47" class="Oojs\Tests\SchemaLoadingTest" classname="Oojs.Tests.SchemaLoadingTest" assertions="2" time="0.000363"/>
        <testcase name="test_empty_types" file="/home/pablo/GitHub/json-object-schema/php/tests/SchemaLoadingTest.php" line="54" class="Oojs\Tests\SchemaLoadingTest" classname="Oojs.Tests.SchemaLoadingTest" assertions="2" time="0.000343"/>
        <testcase name="test_invalid_type_name_lowercase" file="/home/pablo/GitHub/json-object-schema/php/tests/SchemaLoadingTest.php" line="61" class="Oojs\Tests\SchemaLoadingTest" classname="Oojs.Tests.SchemaLoadingTest" assertions="2" time="0.000381"/>
        <testcase name="test_reserved_type_name" file="/home/pablo/GitHub/json-object-schema/php/tests/SchemaLoadingTest.php" line="68" class="Oojs\Tests\SchemaLoadingTest" classname="Oojs.Tests.SchemaLoadingTest" assertions="2" time="0.000385"/>
        <testcase name="test_discriminator_collides_with_property" file="/home/pablo/GitHub/json-object-schema/php/tests/SchemaLoadingTest.php" line="75" class="Oojs\Tests\SchemaLoadingTest" classname="Oojs.Tests.SchemaLoadingTest" assertions="2" time="0.000407"/>
        <testcase name="test_inheritance_resolved" file="/home/pablo/GitHub/json-object-schema/php/tests/SchemaLoadingTest.php" line="87" class="Oojs\Tests\SchemaLoadingTest" classname="Oojs.Tests.SchemaLoadingTest" assertions="1" time="0.000423"/>
        <testcase name="test_cycle_detection" file="/home/pablo/GitHub/json-object-schema/php/tests/SchemaLoadingTest.php" line="93" class="Oojs\Tests\SchemaLoadingTest" classname="Oojs.Tests.SchemaLoadingTest" assertions="2" time="0.000405"/>
        <testcase name="test_property_redeclaration_forbidden" file="/home/pablo/GitHub/json-object-schema/php/tests/SchemaLoadingTest.php" line="104" class="Oojs\Tests\SchemaLoadingTest" classname="Oojs.Tests.SchemaLoadingTest" assertions="2" time="0.000450"/>
        <testcase name="test_required_references_own_property" file="/home/pablo/GitHub/json-object-schema/php/tests/SchemaLoadingTest.php" line="118" class="Oojs\Tests\SchemaLoadingTest" classname="Oojs.Tests.SchemaLoadingTest" assertions="2" time="0.000444"/>
        <testcase name="test_duplicate_discriminator_value" file="/home/pablo/GitHub/json-object-schema/php/tests/SchemaLoadingTest.php" line="132" class="Oojs\Tests\SchemaLoadingTest" classname="Oojs.Tests.SchemaLoadingTest" assertions="2" time="0.000401"/>
        <testcase name="test_idempotent_reload" file="/home/pablo/GitHub/json-object-schema/php/tests/SchemaLoadingTest.php" line="146" class="Oojs\Tests\SchemaLoadingTest" classname="Oojs.Tests.SchemaLoadingTest" assertions="1" time="0.000420"/>
        <testcase name="test_invalid_property_name" file="/home/pablo/GitHub/json-object-schema/php/tests/SchemaLoadingTest.php" line="154" class="Oojs\Tests\SchemaLoadingTest" classname="Oojs.Tests.SchemaLoadingTest" assertions="2" time="0.000348"/>
        <testcase name="test_mutually_exclusive_minimum" file="/home/pablo/GitHub/json-object-schema/php/tests/SchemaLoadingTest.php" line="165" class="Oojs\Tests\SchemaLoadingTest" classname="Oojs.Tests.SchemaLoadingTest" assertions="2" time="0.000435"/>
        <testcase name="test_nested_array_forbidden" file="/home/pablo/GitHub/json-object-schema/php/tests/SchemaLoadingTest.php" line="182" class="Oojs\Tests\SchemaLoadingTest" classname="Oojs.Tests.SchemaLoadingTest" assertions="2" time="0.000431"/>
      </testsuite>
      <testsuite name="Oojs\Tests\StringConstraintsTest" file="/home/pablo/GitHub/json-object-schema/php/tests/StringConstraintsTest.php" tests="9" assertions="9" errors="0" failures="0" skipped="0" time="0.003567">
        <testcase name="test_min_length_ok" file="/home/pablo/GitHub/json-object-schema/php/tests/StringConstraintsTest.php" line="34" class="Oojs\Tests\StringConstraintsTest" classname="Oojs.Tests.StringConstraintsTest" assertions="1" time="0.000410"/>
        <testcase name="test_min_length_fail" file="/home/pablo/GitHub/json-object-schema/php/tests/StringConstraintsTest.php" line="39" class="Oojs\Tests\StringConstraintsTest" classname="Oojs.Tests.StringConstraintsTest" assertions="1" time="0.000366"/>
        <testcase name="test_max_length_ok" file="/home/pablo/GitHub/json-object-schema/php/tests/StringConstraintsTest.php" line="44" class="Oojs\Tests\StringConstraintsTest" classname="Oojs.Tests.StringConstraintsTest" assertions="1" time="0.000418"/>
        <testcase name="test_max_length_fail" file="/home/pablo/GitHub/json-object-schema/php/tests/StringConstraintsTest.php" line="49" class="Oojs\Tests\StringConstraintsTest" classname="Oojs.Tests.StringConstraintsTest" assertions="1" time="0.000441"/>
        <testcase name="test_pattern_match" file="/home/pablo/GitHub/json-object-schema/php/tests/StringConstraintsTest.php" line="54" class="Oojs\Tests\StringConstraintsTest" classname="Oojs.Tests.StringConstraintsTest" assertions="1" time="0.000432"/>
        <testcase name="test_pattern_no_match" file="/home/pablo/GitHub/json-object-schema/php/tests/StringConstraintsTest.php" line="59" class="Oojs\Tests\StringConstraintsTest" classname="Oojs.Tests.StringConstraintsTest" assertions="1" time="0.000365"/>
        <testcase name="test_enum_match" file="/home/pablo/GitHub/json-object-schema/php/tests/StringConstraintsTest.php" line="64" class="Oojs\Tests\StringConstraintsTest" classname="Oojs.Tests.StringConstraintsTest" assertions="1" time="0.000361"/>
        <testcase name="test_enum_mismatch" file="/home/pablo/GitHub/json-object-schema/php/tests/StringConstraintsTest.php" line="69" class="Oojs\Tests\StringConstraintsTest" classname="Oojs.Tests.StringConstraintsTest" assertions="1" time="0.000372"/>
        <testcase name="test_type_mismatch" file="/home/pablo/GitHub/json-object-schema/php/tests/StringConstraintsTest.php" line="74" class="Oojs\Tests\StringConstraintsTest" classname="Oojs.Tests.StringConstraintsTest" assertions="1" time="0.000401"/>
      </testsuite>
      <testsuite name="Oojs\Tests\SubtypeCheckTest" file="/home/pablo/GitHub/json-object-schema/php/tests/SubtypeCheckTest.php" tests="4" assertions="4" errors="0" failures="0" skipped="0" time="0.001925">
        <testcase name="test_direct_subtype" file="/home/pablo/GitHub/json-object-schema/php/tests/SubtypeCheckTest.php" line="17" class="Oojs\Tests\SubtypeCheckTest" classname="Oojs.Tests.SubtypeCheckTest" assertions="1" time="0.000576"/>
        <testcase name="test_same_type" file="/home/pablo/GitHub/json-object-schema/php/tests/SubtypeCheckTest.php" line="23" class="Oojs\Tests\SubtypeCheckTest" classname="Oojs.Tests.SubtypeCheckTest" assertions="1" time="0.000419"/>
        <testcase name="test_not_subtype" file="/home/pablo/GitHub/json-object-schema/php/tests/SubtypeCheckTest.php" line="29" class="Oojs\Tests\SubtypeCheckTest" classname="Oojs.Tests.SubtypeCheckTest" assertions="1" time="0.000543"/>
        <testcase name="test_transitive" file="/home/pablo/GitHub/json-object-schema/php/tests/SubtypeCheckTest.php" line="35" class="Oojs\Tests\SubtypeCheckTest" classname="Oojs.Tests.SubtypeCheckTest" assertions="1" time="0.000387"/>
      </testsuite>
    </testsuite>
  </testsuite>
</testsuites>
